[2023-07-20 16:27:12] local.DEBUG: Process Apps dispatched  
[2023-07-20 16:27:12] local.DEBUG: Process Apps dispatched  
[2023-07-20 16:27:13] local.DEBUG: Update of all apps triggered!  
[2023-07-20 16:27:13] local.DEBUG: Update of all apps finished!  
[2023-07-20 16:27:13] local.DEBUG: Process Apps dispatched  
[2023-07-20 16:27:20] local.DEBUG: Process Apps dispatched  
[2023-07-20 16:27:35] local.DEBUG: Process Apps dispatched  
[2023-07-20 16:28:28] local.DEBUG: Process Apps dispatched  
[2023-07-20 16:28:28] local.DEBUG: Get app triggered for: 060b3b99f88e96085b4a68e095bc9e3d1d91e1bc  
[2023-07-20 16:28:28] local.DEBUG: Download triggered for stdClass Object
(
    [appid] => 060b3b99f88e96085b4a68e095bc9e3d1d91e1bc
    [name] => Gitea
    [website] => https://gitea.io
    [license] => MIT License
    [description] => Gitea is a community managed fork of Gogs, lightweight code hosting solution written in Go and published under the MIT license.
    [enhanced] => 
    [tile_background] => dark
    [icon] => gitea.svg
    [sha] => 9367839859b83454562a0dedf6eaea46947122ec
    [class] => \App\SupportedApps\Gitea\Gitea
)
  
